[debug] [2023-10-21T08:34:04.883Z] ----------------------------------------------------------------------
[debug] [2023-10-21T08:34:04.885Z] Command:       C:\Users\USER\scoop\apps\nodejs-lts\current\node.exe C:\Users\USER\scoop\apps\nodejs-lts\current\bin\node_modules\firebase-tools\lib\bin\firebase.js serve
[debug] [2023-10-21T08:34:04.885Z] CLI Version:   12.7.0
[debug] [2023-10-21T08:34:04.885Z] Platform:      win32
[debug] [2023-10-21T08:34:04.885Z] Node Version:  v16.17.1
[debug] [2023-10-21T08:34:04.886Z] Time:          Sat Oct 21 2023 14:34:04 GMT+0600 (Bangladesh Standard Time)
[debug] [2023-10-21T08:34:04.886Z] ----------------------------------------------------------------------
[debug] 
[debug] [2023-10-21T08:34:04.963Z] > command requires scopes: ["email","openid","https://www.googleapis.com/auth/cloudplatformprojects.readonly","https://www.googleapis.com/auth/firebase","https://www.googleapis.com/auth/cloud-platform"]
[debug] [2023-10-21T08:34:04.963Z] > authorizing via signed-in user (kazisiam248@gmail.com)
[debug] [2023-10-21T08:34:04.963Z] [iam] checking project minute-school-a407a for permissions ["firebase.projects.get"]
[debug] [2023-10-21T08:34:04.964Z] >>> [apiv2][query] POST https://cloudresourcemanager.googleapis.com/v1/projects/minute-school-a407a:testIamPermissions [none]
[debug] [2023-10-21T08:34:04.965Z] >>> [apiv2][(partial)header] POST https://cloudresourcemanager.googleapis.com/v1/projects/minute-school-a407a:testIamPermissions x-goog-quota-user=projects/minute-school-a407a
[debug] [2023-10-21T08:34:04.965Z] >>> [apiv2][body] POST https://cloudresourcemanager.googleapis.com/v1/projects/minute-school-a407a:testIamPermissions {"permissions":["firebase.projects.get"]}
[debug] [2023-10-21T08:34:06.628Z] <<< [apiv2][status] POST https://cloudresourcemanager.googleapis.com/v1/projects/minute-school-a407a:testIamPermissions 200
[debug] [2023-10-21T08:34:06.629Z] <<< [apiv2][body] POST https://cloudresourcemanager.googleapis.com/v1/projects/minute-school-a407a:testIamPermissions {"permissions":["firebase.projects.get"]}
[debug] [2023-10-21T08:34:06.630Z] >>> [apiv2][query] GET https://firebase.googleapis.com/v1beta1/projects/minute-school-a407a [none]
[debug] [2023-10-21T08:34:07.198Z] <<< [apiv2][status] GET https://firebase.googleapis.com/v1beta1/projects/minute-school-a407a 200
[debug] [2023-10-21T08:34:07.198Z] <<< [apiv2][body] GET https://firebase.googleapis.com/v1beta1/projects/minute-school-a407a {"projectId":"minute-school-a407a","projectNumber":"686034698639","displayName":"30-minute-school","name":"projects/minute-school-a407a","resources":{"hostingSite":"minute-school-a407a"},"state":"ACTIVE","etag":"1_913ce9d6-66a6-41b6-a2b8-5012a5f50bdb"}
[info] 
[info] === Serving from 'C:\Github\30-minute-school-client'...
[info] 
[debug] [2023-10-21T08:34:07.201Z] >>> [apiv2][query] GET https://firebasehosting.googleapis.com/v1beta1/projects/minute-school-a407a/sites 
[debug] [2023-10-21T08:34:08.500Z] <<< [apiv2][status] GET https://firebasehosting.googleapis.com/v1beta1/projects/minute-school-a407a/sites 200
[debug] [2023-10-21T08:34:08.500Z] <<< [apiv2][body] GET https://firebasehosting.googleapis.com/v1beta1/projects/minute-school-a407a/sites {"sites":[{"name":"projects/minute-school-a407a/sites/minute-school-a407a","defaultUrl":"https://minute-school-a407a.web.app","type":"DEFAULT_SITE"}]}
[debug] [2023-10-21T08:34:08.500Z] >>> [apiv2][query] GET https://firebase.googleapis.com/v1beta1/projects/minute-school-a407a/webApps/-/config [none]
[debug] [2023-10-21T08:34:09.888Z] <<< [apiv2][status] GET https://firebase.googleapis.com/v1beta1/projects/minute-school-a407a/webApps/-/config 200
[debug] [2023-10-21T08:34:09.888Z] <<< [apiv2][body] GET https://firebase.googleapis.com/v1beta1/projects/minute-school-a407a/webApps/-/config {"projectId":"minute-school-a407a","appId":"1:686034698639:web:e5e06a0de8a2a75cde0bfa","storageBucket":"minute-school-a407a.appspot.com","apiKey":"AIzaSyDMGZGVGEJd90lJqA4LyLMDBQdwV1Gv4IQ","authDomain":"minute-school-a407a.firebaseapp.com","messagingSenderId":"686034698639"}
[debug] [2023-10-21T08:34:09.891Z] >>> [apiv2][query] GET https://firebase.googleapis.com/v1beta1/projects/minute-school-a407a [none]
[debug] [2023-10-21T08:34:10.441Z] <<< [apiv2][status] GET https://firebase.googleapis.com/v1beta1/projects/minute-school-a407a 200
[debug] [2023-10-21T08:34:10.441Z] <<< [apiv2][body] GET https://firebase.googleapis.com/v1beta1/projects/minute-school-a407a {"projectId":"minute-school-a407a","projectNumber":"686034698639","displayName":"30-minute-school","name":"projects/minute-school-a407a","resources":{"hostingSite":"minute-school-a407a"},"state":"ACTIVE","etag":"1_913ce9d6-66a6-41b6-a2b8-5012a5f50bdb"}
[info] i  hosting[minute-school-a407a]: Serving hosting files from: build {"metadata":{"emulator":{"name":"hosting"},"message":"Serving hosting files from: \u001b[1mbuild\u001b[22m"}}
[info] +  hosting[minute-school-a407a]: Local server: http://localhost:5000 {"metadata":{"emulator":{"name":"hosting"},"message":"Local server: \u001b[4m\u001b[1mhttp://localhost:5000\u001b[22m\u001b[24m"}}
